<?xml version="1.0" encoding="UTF-8"?>
<!-- Generated by org.testng.reporters.JUnitXMLReporter -->
<testsuite hostname="tuba-PC" ignored="4" name="Test3" tests="3" failures="0" timestamp="12 Jul 2018 01:58:56 GMT" time="0.016" errors="0">
  <testcase name="@BeforeSuite openBrowser" time="0.0" classname="utilities.InitialConfiguration">
    <failure type="org.testng.TestNGException" message="
Parameter &amp;apos;browser&amp;apos; is required by BeforeSuite on method openBrowser but has not been marked @Optional or defined
in C:\Users\tuba\git\repository\KatalonDemo\testng.xml">
      <![CDATA[org.testng.TestNGException: 
Parameter 'browser' is required by BeforeSuite on method openBrowser but has not been marked @Optional or defined
in C:\Users\tuba\git\repository\KatalonDemo\testng.xml
... Removed 17 stack frames]]>
    </failure>
  </testcase> <!-- @BeforeSuite openBrowser -->
  <testcase name="verifyTitle" time="0.0" classname="testCases.TC1_1VerifyHomePage">
    <skipped/>
  </testcase> <!-- verifyTitle -->
  <testcase name="verifyPageLabel" time="0.0" classname="testCases.TC1_2NavigateToLogInPage">
    <skipped/>
  </testcase> <!-- verifyPageLabel -->
  <testcase name="verifyPageLabel" time="0.0" classname="testCases.TC1_3VerifyAppointmentPage">
    <skipped/>
  </testcase> <!-- verifyPageLabel -->
  <testcase name="@AfterSuite tearDown" time="0.0" classname="utilities.InitialConfiguration">
    <ignored/>
  </testcase> <!-- @AfterSuite tearDown -->
  <testcase name="@AfterSuite tearDown" time="0.0" classname="utilities.InitialConfiguration">
    <ignored/>
  </testcase> <!-- @AfterSuite tearDown -->
  <testcase name="@BeforeSuite openBrowser" time="0.0" classname="utilities.InitialConfiguration">
    <ignored/>
  </testcase> <!-- @BeforeSuite openBrowser -->
  <testcase name="@BeforeSuite openBrowser" time="0.0" classname="utilities.InitialConfiguration">
    <ignored/>
  </testcase> <!-- @BeforeSuite openBrowser -->
</testsuite> <!-- Test3 -->
