<?xml version="1.0" encoding="UTF-8"?>
<testng-results skipped="9" failed="0" ignored="12" total="21" passed="0">
  <reporter-output>
  </reporter-output>
  <suite name="Suite" duration-ms="169" started-at="2018-07-12T01:58:56Z" finished-at="2018-07-12T01:58:56Z">
    <groups>
    </groups>
    <test name="Test1" duration-ms="58" started-at="2018-07-12T01:58:56Z" finished-at="2018-07-12T01:58:56Z">
      <class name="testCases.TC1_3VerifyAppointmentPage">
        <test-method status="SKIP" signature="verifyPageLabel()[pri:0, instance:testCases.TC1_3VerifyAppointmentPage@436e852b]" name="verifyPageLabel" duration-ms="0" started-at="2018-07-12T01:58:56Z" finished-at="2018-07-12T01:58:56Z">
          <reporter-output>
          </reporter-output>
        </test-method> <!-- verifyPageLabel -->
      </class> <!-- testCases.TC1_3VerifyAppointmentPage -->
      <class name="testCases.TC1_2NavigateToLogInPage">
        <test-method status="SKIP" signature="verifyPageLabel()[pri:0, instance:testCases.TC1_2NavigateToLogInPage@27808f31]" name="verifyPageLabel" duration-ms="0" started-at="2018-07-12T01:58:56Z" finished-at="2018-07-12T01:58:56Z">
          <reporter-output>
          </reporter-output>
        </test-method> <!-- verifyPageLabel -->
      </class> <!-- testCases.TC1_2NavigateToLogInPage -->
      <class name="testCases.TC1_1VerifyHomePage">
        <test-method status="SKIP" signature="verifyTitle()[pri:0, instance:testCases.TC1_1VerifyHomePage@37d31475]" name="verifyTitle" duration-ms="0" started-at="2018-07-12T01:58:56Z" finished-at="2018-07-12T01:58:56Z">
          <reporter-output>
          </reporter-output>
        </test-method> <!-- verifyTitle -->
      </class> <!-- testCases.TC1_1VerifyHomePage -->
    </test> <!-- Test1 -->
    <test name="Test2" duration-ms="12" started-at="2018-07-12T01:58:56Z" finished-at="2018-07-12T01:58:56Z">
      <class name="testCases.TC1_3VerifyAppointmentPage">
        <test-method status="SKIP" signature="verifyPageLabel()[pri:0, instance:testCases.TC1_3VerifyAppointmentPage@50d0686]" name="verifyPageLabel" duration-ms="0" started-at="2018-07-12T01:58:56Z" finished-at="2018-07-12T01:58:56Z">
          <reporter-output>
          </reporter-output>
        </test-method> <!-- verifyPageLabel -->
      </class> <!-- testCases.TC1_3VerifyAppointmentPage -->
      <class name="testCases.TC1_2NavigateToLogInPage">
        <test-method status="SKIP" signature="verifyPageLabel()[pri:0, instance:testCases.TC1_2NavigateToLogInPage@5ed828d]" name="verifyPageLabel" duration-ms="0" started-at="2018-07-12T01:58:56Z" finished-at="2018-07-12T01:58:56Z">
          <reporter-output>
          </reporter-output>
        </test-method> <!-- verifyPageLabel -->
      </class> <!-- testCases.TC1_2NavigateToLogInPage -->
      <class name="testCases.TC1_1VerifyHomePage">
        <test-method status="SKIP" signature="verifyTitle()[pri:0, instance:testCases.TC1_1VerifyHomePage@371a67ec]" name="verifyTitle" duration-ms="0" started-at="2018-07-12T01:58:56Z" finished-at="2018-07-12T01:58:56Z">
          <reporter-output>
          </reporter-output>
        </test-method> <!-- verifyTitle -->
      </class> <!-- testCases.TC1_1VerifyHomePage -->
    </test> <!-- Test2 -->
    <test name="Test3" duration-ms="16" started-at="2018-07-12T01:58:56Z" finished-at="2018-07-12T01:58:56Z">
      <class name="testCases.TC1_3VerifyAppointmentPage">
        <test-method status="SKIP" signature="verifyPageLabel()[pri:0, instance:testCases.TC1_3VerifyAppointmentPage@76a3e297]" name="verifyPageLabel" duration-ms="0" started-at="2018-07-12T01:58:56Z" finished-at="2018-07-12T01:58:56Z">
          <exception class="org.testng.TestNGException">
            <message>
              <![CDATA[
Parameter 'browser' is required by BeforeSuite on method openBrowser but has not been marked @Optional or defined
in C:\Users\tuba\git\repository\KatalonDemo\testng.xml]]>
            </message>
            <full-stacktrace>
              <![CDATA[org.testng.TestNGException: 
Parameter 'browser' is required by BeforeSuite on method openBrowser but has not been marked @Optional or defined
in C:\Users\tuba\git\repository\KatalonDemo\testng.xml
at org.testng.internal.Parameters.createParams(Parameters.java:290)
at org.testng.internal.Parameters.createParametersForMethod(Parameters.java:359)
at org.testng.internal.Parameters.createParameters(Parameters.java:620)
at org.testng.internal.Parameters.createConfigurationParameters(Parameters.java:190)
at org.testng.internal.Invoker.invokeConfigurations(Invoker.java:209)
at org.testng.internal.Invoker.invokeConfigurations(Invoker.java:142)
at org.testng.SuiteRunner.privateRun(SuiteRunner.java:401)
at org.testng.SuiteRunner.run(SuiteRunner.java:364)
at org.testng.SuiteRunnerWorker.runSuite(SuiteRunnerWorker.java:52)
at org.testng.SuiteRunnerWorker.run(SuiteRunnerWorker.java:84)
at org.testng.TestNG.runSuitesSequentially(TestNG.java:1208)
at org.testng.TestNG.runSuitesLocally(TestNG.java:1137)
at org.testng.TestNG.runSuites(TestNG.java:1049)
at org.testng.TestNG.run(TestNG.java:1017)
at org.testng.remote.AbstractRemoteTestNG.run(AbstractRemoteTestNG.java:114)
at org.testng.remote.RemoteTestNG.initAndRun(RemoteTestNG.java:251)
at org.testng.remote.RemoteTestNG.main(RemoteTestNG.java:77)
]]>
            </full-stacktrace>
          </exception> <!-- org.testng.TestNGException -->
          <reporter-output>
          </reporter-output>
        </test-method> <!-- verifyPageLabel -->
      </class> <!-- testCases.TC1_3VerifyAppointmentPage -->
      <class name="testCases.TC1_2NavigateToLogInPage">
        <test-method status="SKIP" signature="verifyPageLabel()[pri:0, instance:testCases.TC1_2NavigateToLogInPage@3aeaafa6]" name="verifyPageLabel" duration-ms="0" started-at="2018-07-12T01:58:56Z" finished-at="2018-07-12T01:58:56Z">
          <exception class="org.testng.TestNGException">
            <message>
              <![CDATA[
Parameter 'browser' is required by BeforeSuite on method openBrowser but has not been marked @Optional or defined
in C:\Users\tuba\git\repository\KatalonDemo\testng.xml]]>
            </message>
            <full-stacktrace>
              <![CDATA[org.testng.TestNGException: 
Parameter 'browser' is required by BeforeSuite on method openBrowser but has not been marked @Optional or defined
in C:\Users\tuba\git\repository\KatalonDemo\testng.xml
at org.testng.internal.Parameters.createParams(Parameters.java:290)
at org.testng.internal.Parameters.createParametersForMethod(Parameters.java:359)
at org.testng.internal.Parameters.createParameters(Parameters.java:620)
at org.testng.internal.Parameters.createConfigurationParameters(Parameters.java:190)
at org.testng.internal.Invoker.invokeConfigurations(Invoker.java:209)
at org.testng.internal.Invoker.invokeConfigurations(Invoker.java:142)
at org.testng.SuiteRunner.privateRun(SuiteRunner.java:401)
at org.testng.SuiteRunner.run(SuiteRunner.java:364)
at org.testng.SuiteRunnerWorker.runSuite(SuiteRunnerWorker.java:52)
at org.testng.SuiteRunnerWorker.run(SuiteRunnerWorker.java:84)
at org.testng.TestNG.runSuitesSequentially(TestNG.java:1208)
at org.testng.TestNG.runSuitesLocally(TestNG.java:1137)
at org.testng.TestNG.runSuites(TestNG.java:1049)
at org.testng.TestNG.run(TestNG.java:1017)
at org.testng.remote.AbstractRemoteTestNG.run(AbstractRemoteTestNG.java:114)
at org.testng.remote.RemoteTestNG.initAndRun(RemoteTestNG.java:251)
at org.testng.remote.RemoteTestNG.main(RemoteTestNG.java:77)
]]>
            </full-stacktrace>
          </exception> <!-- org.testng.TestNGException -->
          <reporter-output>
          </reporter-output>
        </test-method> <!-- verifyPageLabel -->
      </class> <!-- testCases.TC1_2NavigateToLogInPage -->
      <class name="testCases.TC1_1VerifyHomePage">
        <test-method status="FAIL" signature="openBrowser(java.lang.String)[pri:0, instance:testCases.TC1_1VerifyHomePage@63440df3]" name="openBrowser" is-config="true" duration-ms="0" started-at="2018-07-12T01:58:56Z" finished-at="2018-07-12T01:58:56Z">
          <exception class="org.testng.TestNGException">
            <message>
              <![CDATA[
Parameter 'browser' is required by BeforeSuite on method openBrowser but has not been marked @Optional or defined
in C:\Users\tuba\git\repository\KatalonDemo\testng.xml]]>
            </message>
            <full-stacktrace>
              <![CDATA[org.testng.TestNGException: 
Parameter 'browser' is required by BeforeSuite on method openBrowser but has not been marked @Optional or defined
in C:\Users\tuba\git\repository\KatalonDemo\testng.xml
at org.testng.internal.Parameters.createParams(Parameters.java:290)
at org.testng.internal.Parameters.createParametersForMethod(Parameters.java:359)
at org.testng.internal.Parameters.createParameters(Parameters.java:620)
at org.testng.internal.Parameters.createConfigurationParameters(Parameters.java:190)
at org.testng.internal.Invoker.invokeConfigurations(Invoker.java:209)
at org.testng.internal.Invoker.invokeConfigurations(Invoker.java:142)
at org.testng.SuiteRunner.privateRun(SuiteRunner.java:401)
at org.testng.SuiteRunner.run(SuiteRunner.java:364)
at org.testng.SuiteRunnerWorker.runSuite(SuiteRunnerWorker.java:52)
at org.testng.SuiteRunnerWorker.run(SuiteRunnerWorker.java:84)
at org.testng.TestNG.runSuitesSequentially(TestNG.java:1208)
at org.testng.TestNG.runSuitesLocally(TestNG.java:1137)
at org.testng.TestNG.runSuites(TestNG.java:1049)
at org.testng.TestNG.run(TestNG.java:1017)
at org.testng.remote.AbstractRemoteTestNG.run(AbstractRemoteTestNG.java:114)
at org.testng.remote.RemoteTestNG.initAndRun(RemoteTestNG.java:251)
at org.testng.remote.RemoteTestNG.main(RemoteTestNG.java:77)
]]>
            </full-stacktrace>
          </exception> <!-- org.testng.TestNGException -->
          <reporter-output>
          </reporter-output>
        </test-method> <!-- openBrowser -->
        <test-method status="SKIP" signature="verifyTitle()[pri:0, instance:testCases.TC1_1VerifyHomePage@63440df3]" name="verifyTitle" duration-ms="0" started-at="2018-07-12T01:58:56Z" finished-at="2018-07-12T01:58:56Z">
          <exception class="org.testng.TestNGException">
            <message>
              <![CDATA[
Parameter 'browser' is required by BeforeSuite on method openBrowser but has not been marked @Optional or defined
in C:\Users\tuba\git\repository\KatalonDemo\testng.xml]]>
            </message>
            <full-stacktrace>
              <![CDATA[org.testng.TestNGException: 
Parameter 'browser' is required by BeforeSuite on method openBrowser but has not been marked @Optional or defined
in C:\Users\tuba\git\repository\KatalonDemo\testng.xml
at org.testng.internal.Parameters.createParams(Parameters.java:290)
at org.testng.internal.Parameters.createParametersForMethod(Parameters.java:359)
at org.testng.internal.Parameters.createParameters(Parameters.java:620)
at org.testng.internal.Parameters.createConfigurationParameters(Parameters.java:190)
at org.testng.internal.Invoker.invokeConfigurations(Invoker.java:209)
at org.testng.internal.Invoker.invokeConfigurations(Invoker.java:142)
at org.testng.SuiteRunner.privateRun(SuiteRunner.java:401)
at org.testng.SuiteRunner.run(SuiteRunner.java:364)
at org.testng.SuiteRunnerWorker.runSuite(SuiteRunnerWorker.java:52)
at org.testng.SuiteRunnerWorker.run(SuiteRunnerWorker.java:84)
at org.testng.TestNG.runSuitesSequentially(TestNG.java:1208)
at org.testng.TestNG.runSuitesLocally(TestNG.java:1137)
at org.testng.TestNG.runSuites(TestNG.java:1049)
at org.testng.TestNG.run(TestNG.java:1017)
at org.testng.remote.AbstractRemoteTestNG.run(AbstractRemoteTestNG.java:114)
at org.testng.remote.RemoteTestNG.initAndRun(RemoteTestNG.java:251)
at org.testng.remote.RemoteTestNG.main(RemoteTestNG.java:77)
]]>
            </full-stacktrace>
          </exception> <!-- org.testng.TestNGException -->
          <reporter-output>
          </reporter-output>
        </test-method> <!-- verifyTitle -->
        <test-method status="SKIP" signature="tearDown()[pri:0, instance:testCases.TC1_1VerifyHomePage@63440df3]" name="tearDown" is-config="true" duration-ms="0" started-at="2018-07-12T01:58:56Z" finished-at="2018-07-12T01:58:56Z">
          <reporter-output>
          </reporter-output>
        </test-method> <!-- tearDown -->
      </class> <!-- testCases.TC1_1VerifyHomePage -->
    </test> <!-- Test3 -->
  </suite> <!-- Suite -->
</testng-results>
